[debug] [2026-04-11T12:49:02.791Z] ----------------------------------------------------------------------
[debug] [2026-04-11T12:49:02.798Z] Command:       /nix/store/ws50yvm6vzlzf7jzz6n7xh4szddrack1-nodejs-20.19.1/bin/node /nix/store/gm9mcvzb17vv8cla08khrg29vxn3sq4r-firebase-tools-15.1.0/lib/node_modules/firebase-tools/lib/bin/firebase.js deploy --only hosting
[debug] [2026-04-11T12:49:02.799Z] CLI Version:   15.1.0
[debug] [2026-04-11T12:49:02.799Z] Platform:      linux
[debug] [2026-04-11T12:49:02.800Z] Node Version:  v20.19.1
[debug] [2026-04-11T12:49:02.800Z] Time:          Sat Apr 11 2026 12:49:02 GMT+0000 (Coordinated Universal Time)
[debug] [2026-04-11T12:49:02.801Z] ----------------------------------------------------------------------
[debug] 
[debug] [2026-04-11T12:49:02.809Z] >>> [apiv2][query] GET https://firebase-public.firebaseio.com/cli.json [none]
[debug] [2026-04-11T12:49:15.543Z] No OAuth tokens found
[debug] [2026-04-11T12:49:15.544Z] No OAuth tokens found
[error] Failed to fetch Firebase Project from current Studio Workspace: Unable to refresh auth: not yet authenticated.
[debug] [2026-04-11T12:49:15.552Z] > command requires scopes: ["email","openid","https://www.googleapis.com/auth/cloudplatformprojects.readonly","https://www.googleapis.com/auth/firebase","https://www.googleapis.com/auth/cloud-platform","https://www.googleapis.com/auth/userinfo.email"]
[debug] [2026-04-11T12:49:15.625Z] <<< [apiv2][status] GET https://firebase-public.firebaseio.com/cli.json 200
[debug] [2026-04-11T12:49:15.625Z] <<< [apiv2][body] GET https://firebase-public.firebaseio.com/cli.json {"cloudBuildErrorAfter":1594252800000,"cloudBuildWarnAfter":1590019200000,"defaultNode10After":1594252800000,"minVersion":"3.0.5","node8DeploysDisabledAfter":1613390400000,"node8RuntimeDisabledAfter":1615809600000,"node8WarnAfter":1600128000000}
[debug] [2026-04-11T12:49:25.059Z] Running auto auth
[debug] [2026-04-11T12:49:25.092Z] [iam] checking project domflix-tomas for permissions ["firebase.projects.get","firebasehosting.sites.update"]
[debug] [2026-04-11T12:49:25.093Z] No OAuth tokens found
[debug] [2026-04-11T12:49:25.094Z] >>> [apiv2][query] POST https://cloudresourcemanager.googleapis.com/v1/projects/domflix-tomas:testIamPermissions [none]
[debug] [2026-04-11T12:49:25.094Z] >>> [apiv2][(partial)header] POST https://cloudresourcemanager.googleapis.com/v1/projects/domflix-tomas:testIamPermissions x-goog-quota-user=projects/domflix-tomas
[debug] [2026-04-11T12:49:25.094Z] >>> [apiv2][body] POST https://cloudresourcemanager.googleapis.com/v1/projects/domflix-tomas:testIamPermissions {"permissions":["firebase.projects.get","firebasehosting.sites.update"]}
[debug] [2026-04-11T12:49:25.310Z] <<< [apiv2][status] POST https://cloudresourcemanager.googleapis.com/v1/projects/domflix-tomas:testIamPermissions 200
[debug] [2026-04-11T12:49:25.311Z] <<< [apiv2][body] POST https://cloudresourcemanager.googleapis.com/v1/projects/domflix-tomas:testIamPermissions {}
[debug] [2026-04-11T12:49:25.311Z] [iam] error while checking permissions, command may fail: Authorization failed. This account is missing the following required permissions on project domflix-tomas:

  firebase.projects.get
  firebasehosting.sites.update
[debug] [2026-04-11T12:49:25.315Z] No OAuth tokens found
[debug] [2026-04-11T12:49:25.316Z] >>> [apiv2][query] GET https://firebase.googleapis.com/v1beta1/projects/domflix-tomas [none]
[debug] [2026-04-11T12:49:25.630Z] <<< [apiv2][status] GET https://firebase.googleapis.com/v1beta1/projects/domflix-tomas 403
[debug] [2026-04-11T12:49:25.630Z] <<< [apiv2][body] GET https://firebase.googleapis.com/v1beta1/projects/domflix-tomas {"error":{"code":403,"message":"The caller does not have permission","status":"PERMISSION_DENIED"}}
[debug] [2026-04-11T12:49:25.632Z] Request to https://firebase.googleapis.com/v1beta1/projects/domflix-tomas had HTTP Error: 403, The caller does not have permission
[debug] [2026-04-11T12:49:25.634Z] FirebaseError: Request to https://firebase.googleapis.com/v1beta1/projects/domflix-tomas had HTTP Error: 403, The caller does not have permission
    at responseToError (/nix/store/gm9mcvzb17vv8cla08khrg29vxn3sq4r-firebase-tools-15.1.0/lib/node_modules/firebase-tools/lib/responseToError.js:53:12)
    at RetryOperation._fn (/nix/store/gm9mcvzb17vv8cla08khrg29vxn3sq4r-firebase-tools-15.1.0/lib/node_modules/firebase-tools/lib/apiv2.js:322:77)
    at process.processTicksAndRejections (node:internal/process/task_queues:95:5)
[error] 
[error] Error: Failed to get Firebase project domflix-tomas. Please make sure the project exists and your account has permission to access it.
